23-Jun-2024 00:26:31.926 INFO [main] org.apache.catalina.startup.VersionLoggerListener.log Server version name:   Apache Tomcat/9.0.90
23-Jun-2024 00:26:31.929 INFO [main] org.apache.catalina.startup.VersionLoggerListener.log Server built:          Jun 14 2024 14:45:13 UTC
23-Jun-2024 00:26:31.929 INFO [main] org.apache.catalina.startup.VersionLoggerListener.log Server version number: 9.0.90.0
23-Jun-2024 00:26:31.929 INFO [main] org.apache.catalina.startup.VersionLoggerListener.log OS Name:               Windows 11
23-Jun-2024 00:26:31.929 INFO [main] org.apache.catalina.startup.VersionLoggerListener.log OS Version:            10.0
23-Jun-2024 00:26:31.929 INFO [main] org.apache.catalina.startup.VersionLoggerListener.log Architecture:          amd64
23-Jun-2024 00:26:31.929 INFO [main] org.apache.catalina.startup.VersionLoggerListener.log Java Home:             C:\Program Files\Java\jdk-11.0.19
23-Jun-2024 00:26:31.929 INFO [main] org.apache.catalina.startup.VersionLoggerListener.log JVM Version:           11.0.19+9-LTS-224
23-Jun-2024 00:26:31.929 INFO [main] org.apache.catalina.startup.VersionLoggerListener.log JVM Vendor:            Oracle Corporation
23-Jun-2024 00:26:31.929 INFO [main] org.apache.catalina.startup.VersionLoggerListener.log CATALINA_BASE:         C:\Users\jawad\Downloads\UserloginForm
23-Jun-2024 00:26:31.930 INFO [main] org.apache.catalina.startup.VersionLoggerListener.log CATALINA_HOME:         C:\Users\jawad\Downloads\apache-tomcat-9.0.90-windows-x64\apache-tomcat-9.0.90
23-Jun-2024 00:26:31.942 INFO [main] org.apache.catalina.startup.VersionLoggerListener.log Command line argument: --add-opens=java.base/java.lang=ALL-UNNAMED
23-Jun-2024 00:26:31.942 INFO [main] org.apache.catalina.startup.VersionLoggerListener.log Command line argument: --add-opens=java.base/java.io=ALL-UNNAMED
23-Jun-2024 00:26:31.943 INFO [main] org.apache.catalina.startup.VersionLoggerListener.log Command line argument: --add-opens=java.base/java.util=ALL-UNNAMED
23-Jun-2024 00:26:31.943 INFO [main] org.apache.catalina.startup.VersionLoggerListener.log Command line argument: --add-opens=java.base/java.util.concurrent=ALL-UNNAMED
23-Jun-2024 00:26:31.943 INFO [main] org.apache.catalina.startup.VersionLoggerListener.log Command line argument: --add-opens=java.rmi/sun.rmi.transport=ALL-UNNAMED
23-Jun-2024 00:26:31.943 INFO [main] org.apache.catalina.startup.VersionLoggerListener.log Command line argument: -Dcatalina.home=C:\Users\jawad\Downloads\apache-tomcat-9.0.90-windows-x64\apache-tomcat-9.0.90
23-Jun-2024 00:26:31.943 INFO [main] org.apache.catalina.startup.VersionLoggerListener.log Command line argument: -Dcatalina.base=C:\Users\jawad\Downloads\UserloginForm
23-Jun-2024 00:26:31.943 INFO [main] org.apache.catalina.startup.VersionLoggerListener.log Command line argument: -Djava.io.tmpdir=C:\Users\jawad\Downloads\UserloginForm\temp
23-Jun-2024 00:26:31.943 INFO [main] org.apache.catalina.startup.VersionLoggerListener.log Command line argument: -Djava.util.logging.config.file=C:\Users\jawad\Downloads\UserloginForm\conf\logging.properties
23-Jun-2024 00:26:31.943 INFO [main] org.apache.catalina.startup.VersionLoggerListener.log Command line argument: -Djava.util.logging.manager=org.apache.juli.ClassLoaderLogManager
23-Jun-2024 00:26:31.943 INFO [main] org.apache.catalina.startup.VersionLoggerListener.log Command line argument: -javaagent:C:\Program Files\JetBrains\IntelliJ IDEA Community Edition 2024.1.1\lib\idea_rt.jar=50562:C:\Program Files\JetBrains\IntelliJ IDEA Community Edition 2024.1.1\bin
23-Jun-2024 00:26:31.943 INFO [main] org.apache.catalina.startup.VersionLoggerListener.log Command line argument: -Dfile.encoding=UTF-8
23-Jun-2024 00:26:31.950 INFO [main] org.apache.catalina.core.AprLifecycleListener.lifecycleEvent Loaded Apache Tomcat Native library [1.3.0] using APR version [1.7.4].
23-Jun-2024 00:26:31.950 INFO [main] org.apache.catalina.core.AprLifecycleListener.lifecycleEvent APR capabilities: IPv6 [true], sendfile [true], accept filters [false], random [true], UDS [true].
23-Jun-2024 00:26:31.950 INFO [main] org.apache.catalina.core.AprLifecycleListener.lifecycleEvent APR/OpenSSL configuration: useAprConnector [false], useOpenSSL [true]
23-Jun-2024 00:26:31.967 INFO [main] org.apache.catalina.core.AprLifecycleListener.initializeSSL OpenSSL successfully initialized [OpenSSL 3.0.13 30 Jan 2024]
23-Jun-2024 00:26:32.375 INFO [main] org.apache.coyote.AbstractProtocol.init Initializing ProtocolHandler ["http-nio-8080"]
23-Jun-2024 00:26:32.414 INFO [main] org.apache.catalina.startup.Catalina.load Server initialization in [788] milliseconds
23-Jun-2024 00:26:32.486 INFO [main] org.apache.catalina.core.StandardService.startInternal Starting service [Catalina]
23-Jun-2024 00:26:32.487 INFO [main] org.apache.catalina.core.StandardEngine.startInternal Starting Servlet engine: [Apache Tomcat/9.0.90]
23-Jun-2024 00:26:32.498 INFO [main] org.apache.catalina.startup.HostConfig.deployDescriptor Deploying deployment descriptor [C:\Users\jawad\Downloads\UserloginForm\conf\Catalina\localhost\UserloginForm.xml]
23-Jun-2024 00:26:34.388 INFO [main] org.apache.jasper.servlet.TldScanner.scanJars At least one JAR was scanned for TLDs yet contained no TLDs. Enable debug logging for this logger for a complete list of JARs that were scanned but no TLDs were found in them. Skipping unneeded JARs during scanning can improve startup time and JSP compilation time.
23-Jun-2024 00:26:34.651 SEVERE [main] org.apache.catalina.core.StandardContext.startInternal One or more listeners failed to start. Full details will be found in the appropriate container log file
23-Jun-2024 00:26:34.770 WARNING [main] org.apache.catalina.util.SessionIdGeneratorBase.createSecureRandom Creation of SecureRandom instance for session ID generation using [SHA1PRNG] took [115] milliseconds.
23-Jun-2024 00:26:34.770 SEVERE [main] org.apache.catalina.core.StandardContext.startInternal Context [/UserloginForm] startup failed due to previous errors
23-Jun-2024 00:26:34.788 INFO [main] org.apache.catalina.startup.HostConfig.deployDescriptor Deployment of deployment descriptor [C:\Users\jawad\Downloads\UserloginForm\conf\Catalina\localhost\UserloginForm.xml] has finished in [2,291] ms
23-Jun-2024 00:26:34.792 INFO [main] org.apache.coyote.AbstractProtocol.start Starting ProtocolHandler ["http-nio-8080"]
23-Jun-2024 00:26:34.924 INFO [main] org.apache.catalina.startup.Catalina.start Server startup in [2510] milliseconds
23-Jun-2024 00:27:06.280 INFO [Thread-1] org.apache.coyote.AbstractProtocol.pause Pausing ProtocolHandler ["http-nio-8080"]
23-Jun-2024 00:27:06.390 INFO [Thread-1] org.apache.catalina.core.StandardService.stopInternal Stopping service [Catalina]
23-Jun-2024 00:27:06.397 INFO [Thread-1] org.apache.coyote.AbstractProtocol.stop Stopping ProtocolHandler ["http-nio-8080"]
23-Jun-2024 00:27:06.406 INFO [Thread-1] org.apache.coyote.AbstractProtocol.destroy Destroying ProtocolHandler ["http-nio-8080"]
23-Jun-2024 00:28:49.985 INFO [main] org.apache.catalina.startup.VersionLoggerListener.log Server version name:   Apache Tomcat/9.0.90
23-Jun-2024 00:28:49.987 INFO [main] org.apache.catalina.startup.VersionLoggerListener.log Server built:          Jun 14 2024 14:45:13 UTC
23-Jun-2024 00:28:49.988 INFO [main] org.apache.catalina.startup.VersionLoggerListener.log Server version number: 9.0.90.0
23-Jun-2024 00:28:49.988 INFO [main] org.apache.catalina.startup.VersionLoggerListener.log OS Name:               Windows 11
23-Jun-2024 00:28:49.988 INFO [main] org.apache.catalina.startup.VersionLoggerListener.log OS Version:            10.0
23-Jun-2024 00:28:49.988 INFO [main] org.apache.catalina.startup.VersionLoggerListener.log Architecture:          amd64
23-Jun-2024 00:28:49.988 INFO [main] org.apache.catalina.startup.VersionLoggerListener.log Java Home:             C:\Program Files\Java\jdk-11.0.19
23-Jun-2024 00:28:49.988 INFO [main] org.apache.catalina.startup.VersionLoggerListener.log JVM Version:           11.0.19+9-LTS-224
23-Jun-2024 00:28:49.988 INFO [main] org.apache.catalina.startup.VersionLoggerListener.log JVM Vendor:            Oracle Corporation
23-Jun-2024 00:28:49.988 INFO [main] org.apache.catalina.startup.VersionLoggerListener.log CATALINA_BASE:         C:\Users\jawad\Downloads\UserloginForm
23-Jun-2024 00:28:49.988 INFO [main] org.apache.catalina.startup.VersionLoggerListener.log CATALINA_HOME:         C:\Users\jawad\Downloads\apache-tomcat-9.0.90-windows-x64\apache-tomcat-9.0.90
23-Jun-2024 00:28:50.001 INFO [main] org.apache.catalina.startup.VersionLoggerListener.log Command line argument: --add-opens=java.base/java.lang=ALL-UNNAMED
23-Jun-2024 00:28:50.001 INFO [main] org.apache.catalina.startup.VersionLoggerListener.log Command line argument: --add-opens=java.base/java.io=ALL-UNNAMED
23-Jun-2024 00:28:50.001 INFO [main] org.apache.catalina.startup.VersionLoggerListener.log Command line argument: --add-opens=java.base/java.util=ALL-UNNAMED
23-Jun-2024 00:28:50.001 INFO [main] org.apache.catalina.startup.VersionLoggerListener.log Command line argument: --add-opens=java.base/java.util.concurrent=ALL-UNNAMED
23-Jun-2024 00:28:50.001 INFO [main] org.apache.catalina.startup.VersionLoggerListener.log Command line argument: --add-opens=java.rmi/sun.rmi.transport=ALL-UNNAMED
23-Jun-2024 00:28:50.001 INFO [main] org.apache.catalina.startup.VersionLoggerListener.log Command line argument: -Dcatalina.home=C:\Users\jawad\Downloads\apache-tomcat-9.0.90-windows-x64\apache-tomcat-9.0.90
23-Jun-2024 00:28:50.001 INFO [main] org.apache.catalina.startup.VersionLoggerListener.log Command line argument: -Dcatalina.base=C:\Users\jawad\Downloads\UserloginForm
23-Jun-2024 00:28:50.001 INFO [main] org.apache.catalina.startup.VersionLoggerListener.log Command line argument: -Djava.io.tmpdir=C:\Users\jawad\Downloads\UserloginForm\temp
23-Jun-2024 00:28:50.001 INFO [main] org.apache.catalina.startup.VersionLoggerListener.log Command line argument: -Djava.util.logging.config.file=C:\Users\jawad\Downloads\UserloginForm\conf\logging.properties
23-Jun-2024 00:28:50.001 INFO [main] org.apache.catalina.startup.VersionLoggerListener.log Command line argument: -Djava.util.logging.manager=org.apache.juli.ClassLoaderLogManager
23-Jun-2024 00:28:50.001 INFO [main] org.apache.catalina.startup.VersionLoggerListener.log Command line argument: -javaagent:C:\Program Files\JetBrains\IntelliJ IDEA Community Edition 2024.1.1\lib\idea_rt.jar=50601:C:\Program Files\JetBrains\IntelliJ IDEA Community Edition 2024.1.1\bin
23-Jun-2024 00:28:50.002 INFO [main] org.apache.catalina.startup.VersionLoggerListener.log Command line argument: -Dfile.encoding=UTF-8
23-Jun-2024 00:28:50.007 INFO [main] org.apache.catalina.core.AprLifecycleListener.lifecycleEvent Loaded Apache Tomcat Native library [1.3.0] using APR version [1.7.4].
23-Jun-2024 00:28:50.007 INFO [main] org.apache.catalina.core.AprLifecycleListener.lifecycleEvent APR capabilities: IPv6 [true], sendfile [true], accept filters [false], random [true], UDS [true].
23-Jun-2024 00:28:50.007 INFO [main] org.apache.catalina.core.AprLifecycleListener.lifecycleEvent APR/OpenSSL configuration: useAprConnector [false], useOpenSSL [true]
23-Jun-2024 00:28:50.023 INFO [main] org.apache.catalina.core.AprLifecycleListener.initializeSSL OpenSSL successfully initialized [OpenSSL 3.0.13 30 Jan 2024]
23-Jun-2024 00:28:50.382 INFO [main] org.apache.coyote.AbstractProtocol.init Initializing ProtocolHandler ["http-nio-8080"]
23-Jun-2024 00:28:50.410 INFO [main] org.apache.catalina.startup.Catalina.load Server initialization in [689] milliseconds
23-Jun-2024 00:28:50.493 INFO [main] org.apache.catalina.core.StandardService.startInternal Starting service [Catalina]
23-Jun-2024 00:28:50.493 INFO [main] org.apache.catalina.core.StandardEngine.startInternal Starting Servlet engine: [Apache Tomcat/9.0.90]
23-Jun-2024 00:28:50.505 INFO [main] org.apache.catalina.startup.HostConfig.deployDescriptor Deploying deployment descriptor [C:\Users\jawad\Downloads\UserloginForm\conf\Catalina\localhost\UserloginForm.xml]
23-Jun-2024 00:28:52.494 INFO [main] org.apache.jasper.servlet.TldScanner.scanJars At least one JAR was scanned for TLDs yet contained no TLDs. Enable debug logging for this logger for a complete list of JARs that were scanned but no TLDs were found in them. Skipping unneeded JARs during scanning can improve startup time and JSP compilation time.
23-Jun-2024 00:28:52.753 SEVERE [main] org.apache.catalina.core.StandardContext.startInternal One or more listeners failed to start. Full details will be found in the appropriate container log file
23-Jun-2024 00:28:52.870 WARNING [main] org.apache.catalina.util.SessionIdGeneratorBase.createSecureRandom Creation of SecureRandom instance for session ID generation using [SHA1PRNG] took [116] milliseconds.
23-Jun-2024 00:28:52.870 SEVERE [main] org.apache.catalina.core.StandardContext.startInternal Context [/UserloginForm] startup failed due to previous errors
23-Jun-2024 00:28:52.887 INFO [main] org.apache.catalina.startup.HostConfig.deployDescriptor Deployment of deployment descriptor [C:\Users\jawad\Downloads\UserloginForm\conf\Catalina\localhost\UserloginForm.xml] has finished in [2,382] ms
23-Jun-2024 00:28:52.891 INFO [main] org.apache.coyote.AbstractProtocol.start Starting ProtocolHandler ["http-nio-8080"]
23-Jun-2024 00:28:53.015 INFO [main] org.apache.catalina.startup.Catalina.start Server startup in [2603] milliseconds
23-Jun-2024 00:35:24.462 INFO [Thread-1] org.apache.coyote.AbstractProtocol.pause Pausing ProtocolHandler ["http-nio-8080"]
23-Jun-2024 00:35:24.540 INFO [Thread-1] org.apache.catalina.core.StandardService.stopInternal Stopping service [Catalina]
23-Jun-2024 00:35:24.559 INFO [Thread-1] org.apache.coyote.AbstractProtocol.stop Stopping ProtocolHandler ["http-nio-8080"]
23-Jun-2024 00:35:24.588 INFO [Thread-1] org.apache.coyote.AbstractProtocol.destroy Destroying ProtocolHandler ["http-nio-8080"]
23-Jun-2024 00:38:44.846 INFO [main] org.apache.catalina.startup.VersionLoggerListener.log Server version name:   Apache Tomcat/9.0.78
23-Jun-2024 00:38:44.848 INFO [main] org.apache.catalina.startup.VersionLoggerListener.log Server built:          Jul 4 2023 13:15:43 UTC
23-Jun-2024 00:38:44.848 INFO [main] org.apache.catalina.startup.VersionLoggerListener.log Server version number: 9.0.78.0
23-Jun-2024 00:38:44.848 INFO [main] org.apache.catalina.startup.VersionLoggerListener.log OS Name:               Windows 11
23-Jun-2024 00:38:44.848 INFO [main] org.apache.catalina.startup.VersionLoggerListener.log OS Version:            10.0
23-Jun-2024 00:38:44.848 INFO [main] org.apache.catalina.startup.VersionLoggerListener.log Architecture:          amd64
23-Jun-2024 00:38:44.848 INFO [main] org.apache.catalina.startup.VersionLoggerListener.log Java Home:             C:\Program Files\Java\jdk-11.0.19
23-Jun-2024 00:38:44.848 INFO [main] org.apache.catalina.startup.VersionLoggerListener.log JVM Version:           11.0.19+9-LTS-224
23-Jun-2024 00:38:44.849 INFO [main] org.apache.catalina.startup.VersionLoggerListener.log JVM Vendor:            Oracle Corporation
23-Jun-2024 00:38:44.849 INFO [main] org.apache.catalina.startup.VersionLoggerListener.log CATALINA_BASE:         C:\Users\jawad\Downloads\UserloginForm
23-Jun-2024 00:38:44.849 INFO [main] org.apache.catalina.startup.VersionLoggerListener.log CATALINA_HOME:         C:\Program Files\server\apache-tomcat-9.0.78
23-Jun-2024 00:38:44.860 INFO [main] org.apache.catalina.startup.VersionLoggerListener.log Command line argument: --add-opens=java.base/java.lang=ALL-UNNAMED
23-Jun-2024 00:38:44.860 INFO [main] org.apache.catalina.startup.VersionLoggerListener.log Command line argument: --add-opens=java.base/java.io=ALL-UNNAMED
23-Jun-2024 00:38:44.860 INFO [main] org.apache.catalina.startup.VersionLoggerListener.log Command line argument: --add-opens=java.base/java.util=ALL-UNNAMED
23-Jun-2024 00:38:44.860 INFO [main] org.apache.catalina.startup.VersionLoggerListener.log Command line argument: --add-opens=java.base/java.util.concurrent=ALL-UNNAMED
23-Jun-2024 00:38:44.860 INFO [main] org.apache.catalina.startup.VersionLoggerListener.log Command line argument: --add-opens=java.rmi/sun.rmi.transport=ALL-UNNAMED
23-Jun-2024 00:38:44.860 INFO [main] org.apache.catalina.startup.VersionLoggerListener.log Command line argument: -Dcatalina.home=C:\Program Files\server\apache-tomcat-9.0.78
23-Jun-2024 00:38:44.860 INFO [main] org.apache.catalina.startup.VersionLoggerListener.log Command line argument: -Dcatalina.base=C:\Users\jawad\Downloads\UserloginForm
23-Jun-2024 00:38:44.860 INFO [main] org.apache.catalina.startup.VersionLoggerListener.log Command line argument: -Djava.io.tmpdir=C:\Users\jawad\Downloads\UserloginForm\temp
23-Jun-2024 00:38:44.861 INFO [main] org.apache.catalina.startup.VersionLoggerListener.log Command line argument: -Djava.util.logging.config.file=C:\Users\jawad\Downloads\UserloginForm\conf\logging.properties
23-Jun-2024 00:38:44.861 INFO [main] org.apache.catalina.startup.VersionLoggerListener.log Command line argument: -Djava.util.logging.manager=org.apache.juli.ClassLoaderLogManager
23-Jun-2024 00:38:44.861 INFO [main] org.apache.catalina.startup.VersionLoggerListener.log Command line argument: -javaagent:C:\Program Files\JetBrains\IntelliJ IDEA Community Edition 2024.1.1\lib\idea_rt.jar=50936:C:\Program Files\JetBrains\IntelliJ IDEA Community Edition 2024.1.1\bin
23-Jun-2024 00:38:44.861 INFO [main] org.apache.catalina.startup.VersionLoggerListener.log Command line argument: -Dfile.encoding=UTF-8
23-Jun-2024 00:38:44.864 INFO [main] org.apache.catalina.core.AprLifecycleListener.lifecycleEvent Loaded Apache Tomcat Native library [1.2.37] using APR version [1.7.4].
23-Jun-2024 00:38:44.865 INFO [main] org.apache.catalina.core.AprLifecycleListener.lifecycleEvent APR capabilities: IPv6 [true], sendfile [true], accept filters [false], random [true], UDS [true].
23-Jun-2024 00:38:44.865 INFO [main] org.apache.catalina.core.AprLifecycleListener.lifecycleEvent APR/OpenSSL configuration: useAprConnector [false], useOpenSSL [true]
23-Jun-2024 00:38:44.869 INFO [main] org.apache.catalina.core.AprLifecycleListener.initializeSSL OpenSSL successfully initialized [OpenSSL 1.1.1u  30 May 2023]
23-Jun-2024 00:38:45.220 INFO [main] org.apache.coyote.AbstractProtocol.init Initializing ProtocolHandler ["http-nio-8080"]
23-Jun-2024 00:38:45.244 INFO [main] org.apache.catalina.startup.Catalina.load Server initialization in [593] milliseconds
23-Jun-2024 00:38:45.318 INFO [main] org.apache.catalina.core.StandardService.startInternal Starting service [Catalina]
23-Jun-2024 00:38:45.319 INFO [main] org.apache.catalina.core.StandardEngine.startInternal Starting Servlet engine: [Apache Tomcat/9.0.78]
23-Jun-2024 00:38:45.331 INFO [main] org.apache.catalina.startup.HostConfig.deployDescriptor Deploying deployment descriptor [C:\Users\jawad\Downloads\UserloginForm\conf\Catalina\localhost\UserloginForm.xml]
23-Jun-2024 00:38:47.209 INFO [main] org.apache.jasper.servlet.TldScanner.scanJars At least one JAR was scanned for TLDs yet contained no TLDs. Enable debug logging for this logger for a complete list of JARs that were scanned but no TLDs were found in them. Skipping unneeded JARs during scanning can improve startup time and JSP compilation time.
23-Jun-2024 00:38:47.485 SEVERE [main] org.apache.catalina.core.StandardContext.startInternal One or more listeners failed to start. Full details will be found in the appropriate container log file
23-Jun-2024 00:38:47.592 WARNING [main] org.apache.catalina.util.SessionIdGeneratorBase.createSecureRandom Creation of SecureRandom instance for session ID generation using [SHA1PRNG] took [106] milliseconds.
23-Jun-2024 00:38:47.592 SEVERE [main] org.apache.catalina.core.StandardContext.startInternal Context [/UserloginForm] startup failed due to previous errors
23-Jun-2024 00:38:47.607 INFO [main] org.apache.catalina.startup.HostConfig.deployDescriptor Deployment of deployment descriptor [C:\Users\jawad\Downloads\UserloginForm\conf\Catalina\localhost\UserloginForm.xml] has finished in [2,276] ms
23-Jun-2024 00:38:47.610 INFO [main] org.apache.coyote.AbstractProtocol.start Starting ProtocolHandler ["http-nio-8080"]
23-Jun-2024 00:38:47.746 INFO [main] org.apache.catalina.startup.Catalina.start Server startup in [2501] milliseconds
23-Jun-2024 00:39:42.915 INFO [Thread-1] org.apache.coyote.AbstractProtocol.pause Pausing ProtocolHandler ["http-nio-8080"]
23-Jun-2024 00:39:42.985 INFO [Thread-1] org.apache.catalina.core.StandardService.stopInternal Stopping service [Catalina]
23-Jun-2024 00:39:42.998 INFO [Thread-1] org.apache.coyote.AbstractProtocol.stop Stopping ProtocolHandler ["http-nio-8080"]
23-Jun-2024 00:39:43.021 INFO [Thread-1] org.apache.coyote.AbstractProtocol.destroy Destroying ProtocolHandler ["http-nio-8080"]
